<?xml version="1.0" encoding="UTF-8"?>
<testsuite xmlns:xsi="http://www.w3.org/2001/XMLSchema-instance" xsi:noNamespaceSchemaLocation="https://maven.apache.org/surefire/maven-surefire-plugin/xsd/surefire-test-report-3.0.xsd" version="3.0" name="com.carrefour.infrastructure.persistence.adapter.ReservationRepositoryAdapterTest" time="0.04" tests="4" errors="0" skipped="0" failures="0">
  <properties>
[...]
</properties>
  <testcase name="findByCustomerIdAndTimeslotId_shouldReturnDomainObject" classname="com.carrefour.infrastructure.persistence.adapter.ReservationRepositoryAdapterTest" time="0.03">
    <system-out><![CDATA[18:39:00.815 [main] INFO com.carrefour.infrastructure.persistence.adapter.ReservationRepositoryAdapter -- Fetching reservation for customerId='C123', timeSlotId='42'
]]></system-out>
  </testcase>
  <testcase name="save_shouldMapAndPersistEntity_thenReturnDomainObject" classname="com.carrefour.infrastructure.persistence.adapter.ReservationRepositoryAdapterTest" time="0.003">
    <system-out><![CDATA[18:39:00.817 [main] INFO com.carrefour.infrastructure.persistence.adapter.ReservationRepositoryAdapter -- Saving reservation for customerId='C123', timeSlotId='42'
]]></system-out>
  </testcase>
  <testcase name="delete_shouldMapAndDeleteEntity" classname="com.carrefour.infrastructure.persistence.adapter.ReservationRepositoryAdapterTest" time="0.004">
    <system-out><![CDATA[18:39:00.824 [main] INFO com.carrefour.infrastructure.persistence.adapter.ReservationRepositoryAdapter -- Deleting reservation id=1, customerId='C123', timeSlotId='42'
]]></system-out>
  </testcase>
  <testcase name="existsByCustomerIdAndTimeSlotId_shouldReturnRepositoryValue" classname="com.carrefour.infrastructure.persistence.adapter.ReservationRepositoryAdapterTest" time="0.002">
    <system-out><![CDATA[18:39:00.825 [main] INFO com.carrefour.infrastructure.persistence.adapter.ReservationRepositoryAdapter -- Checking if reservation exists for customerId='C123', timeSlotId='42'
]]></system-out>
  </testcase>
</testsuite>